<?xml version="1.0" encoding="utf-8"?><testsuites name="pytest tests"><testsuite name="pytest" errors="0" failures="0" skipped="0" tests="9" time="54.287" timestamp="2026-04-22T15:42:44.378085+00:00" hostname="agent-env-9980764b-103c-4085-bb62-119e07ce7be8"><testcase classname="backend.tests.test_qlub_api" name="test_health" time="0.261" /><testcase classname="backend.tests.test_qlub_api" name="test_login_success" time="0.152" /><testcase classname="backend.tests.test_qlub_api" name="test_login_wrong_password" time="0.147" /><testcase classname="backend.tests.test_qlub_api" name="test_restaurants_count_and_schema" time="0.148" /><testcase classname="backend.tests.test_qlub_api" name="test_neighborhoods" time="0.223" /><testcase classname="backend.tests.test_qlub_api" name="test_voc_sync_bestia" time="19.978" /><testcase classname="backend.tests.test_qlub_api" name="test_voc_sync_empty_body" time="22.603" /><testcase classname="backend.tests.test_qlub_api" name="test_outreach_generate_bestia" time="10.503" /><testcase classname="backend.tests.test_qlub_api" name="test_voc_history" time="0.195" /></testsuite></testsuites>