<?xml version="1.0" encoding="utf-8"?><testsuites name="pytest tests"><testsuite name="pytest" errors="0" failures="0" skipped="0" tests="8" time="1.864" timestamp="2026-09-24T13:32:58.971199+00:00" hostname="agent-env-9980764b-103c-4085-bb62-119e07ce7be8"><testcase classname="backend.tests.test_public_dashboard_noauth" name="test_health_ok_public" time="0.338" /><testcase classname="backend.tests.test_public_dashboard_noauth" name="test_restaurants_public_payload_shape" time="0.150" /><testcase classname="backend.tests.test_public_dashboard_noauth" name="test_neighborhoods_public_payload_shape" time="0.144" /><testcase classname="backend.tests.test_public_dashboard_noauth" name="test_expo_restaurants_public_payload_shape" time="0.143" /><testcase classname="backend.tests.test_public_dashboard_noauth" name="test_voc_filters_and_reviews_public_flow" time="0.312" /><testcase classname="backend.tests.test_public_dashboard_noauth" name="test_voc_reviews_filter_by_issue_and_location" time="0.306" /><testcase classname="backend.tests.test_public_dashboard_noauth" name="test_voc_restaurant_detail_by_id" time="0.265" /><testcase classname="backend.tests.test_public_dashboard_noauth" name="test_invalid_token_header_does_not_block_public_endpoint" time="0.124" /></testsuite></testsuites>